mode: set
arnaudlemaignen/resource-model-exporter/main.go:33.21,35.2 1 1
arnaudlemaignen/resource-model-exporter/main.go:37.23,41.16 3 0
arnaudlemaignen/resource-model-exporter/main.go:45.2,49.36 5 0
arnaudlemaignen/resource-model-exporter/main.go:55.2,61.24 5 0
arnaudlemaignen/resource-model-exporter/main.go:64.2,80.22 9 0
arnaudlemaignen/resource-model-exporter/main.go:83.2,84.22 2 0
arnaudlemaignen/resource-model-exporter/main.go:87.2,88.24 2 0
arnaudlemaignen/resource-model-exporter/main.go:93.2,97.17 3 0
arnaudlemaignen/resource-model-exporter/main.go:41.16,43.3 1 0
arnaudlemaignen/resource-model-exporter/main.go:49.36,51.3 1 0
arnaudlemaignen/resource-model-exporter/main.go:51.8,53.3 1 0
arnaudlemaignen/resource-model-exporter/main.go:61.24,63.3 1 0
arnaudlemaignen/resource-model-exporter/main.go:80.22,82.3 1 0
arnaudlemaignen/resource-model-exporter/main.go:84.22,86.3 1 0
arnaudlemaignen/resource-model-exporter/main.go:88.24,90.3 1 0
arnaudlemaignen/resource-model-exporter/main.go:134.13,141.73 4 0
arnaudlemaignen/resource-model-exporter/main.go:150.2,151.53 2 0
arnaudlemaignen/resource-model-exporter/main.go:141.73,149.3 1 0
arnaudlemaignen/resource-model-exporter/main.go:155.39,157.16 2 0
arnaudlemaignen/resource-model-exporter/main.go:164.2,166.16 3 0
arnaudlemaignen/resource-model-exporter/main.go:170.2,170.18 1 0
arnaudlemaignen/resource-model-exporter/main.go:157.16,160.3 2 0
arnaudlemaignen/resource-model-exporter/main.go:160.8,162.3 1 0
arnaudlemaignen/resource-model-exporter/main.go:166.16,169.3 2 0
arnaudlemaignen/resource-model-exporter/main.go:173.60,177.22 4 0
arnaudlemaignen/resource-model-exporter/main.go:180.2,180.35 1 0
arnaudlemaignen/resource-model-exporter/main.go:187.2,187.15 1 0
arnaudlemaignen/resource-model-exporter/main.go:177.22,179.3 1 0
arnaudlemaignen/resource-model-exporter/main.go:180.35,186.3 5 0
arnaudlemaignen/resource-model-exporter/main.go:190.57,194.22 4 0
arnaudlemaignen/resource-model-exporter/main.go:197.2,197.35 1 0
arnaudlemaignen/resource-model-exporter/main.go:202.2,202.15 1 0
arnaudlemaignen/resource-model-exporter/main.go:194.22,196.3 1 0
arnaudlemaignen/resource-model-exporter/main.go:197.35,201.3 3 0
arnaudlemaignen/resource-model-exporter/main.go:205.55,209.22 4 0
arnaudlemaignen/resource-model-exporter/main.go:212.2,212.35 1 0
arnaudlemaignen/resource-model-exporter/main.go:216.2,216.15 1 0
arnaudlemaignen/resource-model-exporter/main.go:209.22,211.3 1 0
arnaudlemaignen/resource-model-exporter/main.go:212.35,215.3 2 0
arnaudlemaignen/resource-model-exporter/api_prom.go:18.69,22.16 2 1
arnaudlemaignen/resource-model-exporter/api_prom.go:28.2,32.16 5 1
arnaudlemaignen/resource-model-exporter/api_prom.go:37.2,37.23 1 0
arnaudlemaignen/resource-model-exporter/api_prom.go:40.2,41.20 2 0
arnaudlemaignen/resource-model-exporter/api_prom.go:22.16,26.3 2 0
arnaudlemaignen/resource-model-exporter/api_prom.go:32.16,36.3 2 1
arnaudlemaignen/resource-model-exporter/api_prom.go:37.23,39.3 1 0
arnaudlemaignen/resource-model-exporter/api_prom.go:44.126,48.16 2 1
arnaudlemaignen/resource-model-exporter/api_prom.go:54.2,63.16 6 1
arnaudlemaignen/resource-model-exporter/api_prom.go:68.2,68.23 1 0
arnaudlemaignen/resource-model-exporter/api_prom.go:71.2,72.20 2 0
arnaudlemaignen/resource-model-exporter/api_prom.go:48.16,52.3 2 0
arnaudlemaignen/resource-model-exporter/api_prom.go:63.16,67.3 2 1
arnaudlemaignen/resource-model-exporter/api_prom.go:68.23,70.3 1 0
arnaudlemaignen/resource-model-exporter/api_prom.go:75.97,79.16 2 1
arnaudlemaignen/resource-model-exporter/api_prom.go:85.2,91.16 5 1
arnaudlemaignen/resource-model-exporter/api_prom.go:96.2,96.23 1 0
arnaudlemaignen/resource-model-exporter/api_prom.go:99.2,100.27 2 0
arnaudlemaignen/resource-model-exporter/api_prom.go:104.2,106.20 3 0
arnaudlemaignen/resource-model-exporter/api_prom.go:79.16,83.3 2 0
arnaudlemaignen/resource-model-exporter/api_prom.go:91.16,95.3 2 1
arnaudlemaignen/resource-model-exporter/api_prom.go:96.23,98.3 1 0
arnaudlemaignen/resource-model-exporter/api_prom.go:100.27,103.3 2 0
arnaudlemaignen/resource-model-exporter/collector.go:61.222,72.2 1 0
arnaudlemaignen/resource-model-exporter/collector.go:74.57,83.2 7 0
arnaudlemaignen/resource-model-exporter/collector.go:85.57,92.2 5 0
arnaudlemaignen/resource-model-exporter/collector_prom.go:15.68,21.2 2 0
arnaudlemaignen/resource-model-exporter/collector_prom.go:30.57,31.36 1 0
arnaudlemaignen/resource-model-exporter/collector_prom.go:31.36,39.42 6 0
arnaudlemaignen/resource-model-exporter/collector_prom.go:69.3,69.28 1 0
arnaudlemaignen/resource-model-exporter/collector_prom.go:73.3,73.127 1 0
arnaudlemaignen/resource-model-exporter/collector_prom.go:39.42,47.15 5 0
arnaudlemaignen/resource-model-exporter/collector_prom.go:47.15,59.40 8 0
arnaudlemaignen/resource-model-exporter/collector_prom.go:62.5,65.24 2 0
arnaudlemaignen/resource-model-exporter/collector_prom.go:59.40,61.6 1 0
arnaudlemaignen/resource-model-exporter/collector_prom.go:69.28,71.4 1 0
arnaudlemaignen/resource-model-exporter/collector_prom.go:77.182,100.2 11 0
arnaudlemaignen/resource-model-exporter/collector_prom.go:102.184,104.38 1 0
arnaudlemaignen/resource-model-exporter/collector_prom.go:116.2,135.42 6 0
arnaudlemaignen/resource-model-exporter/collector_prom.go:138.2,139.16 2 0
arnaudlemaignen/resource-model-exporter/collector_prom.go:104.38,105.13 1 0
arnaudlemaignen/resource-model-exporter/collector_prom.go:105.13,109.4 1 0
arnaudlemaignen/resource-model-exporter/collector_prom.go:109.9,113.4 1 0
arnaudlemaignen/resource-model-exporter/collector_prom.go:135.42,137.3 1 0
arnaudlemaignen/resource-model-exporter/collector_prom.go:139.16,143.3 1 0
arnaudlemaignen/resource-model-exporter/collector_prom.go:143.8,145.3 1 0
arnaudlemaignen/resource-model-exporter/collector_prom.go:149.119,153.45 2 0
arnaudlemaignen/resource-model-exporter/collector_prom.go:153.45,155.34 2 0
arnaudlemaignen/resource-model-exporter/collector_prom.go:159.3,161.4 1 0
arnaudlemaignen/resource-model-exporter/collector_prom.go:155.34,157.4 1 0
arnaudlemaignen/resource-model-exporter/collector_prom.go:166.163,175.44 2 0
arnaudlemaignen/resource-model-exporter/collector_prom.go:180.2,181.42 2 0
arnaudlemaignen/resource-model-exporter/collector_prom.go:199.2,199.43 1 0
arnaudlemaignen/resource-model-exporter/collector_prom.go:211.2,211.13 1 0
arnaudlemaignen/resource-model-exporter/collector_prom.go:175.44,178.3 2 0
arnaudlemaignen/resource-model-exporter/collector_prom.go:181.42,182.43 1 0
arnaudlemaignen/resource-model-exporter/collector_prom.go:186.3,187.36 2 0
arnaudlemaignen/resource-model-exporter/collector_prom.go:182.43,185.4 2 0
arnaudlemaignen/resource-model-exporter/collector_prom.go:187.36,195.4 2 0
arnaudlemaignen/resource-model-exporter/collector_prom.go:199.43,203.22 3 0
arnaudlemaignen/resource-model-exporter/collector_prom.go:203.22,206.4 2 0
arnaudlemaignen/resource-model-exporter/collector_prom.go:207.8,209.3 1 0
arnaudlemaignen/resource-model-exporter/collector_prom.go:214.46,216.56 2 0
arnaudlemaignen/resource-model-exporter/collector_prom.go:226.2,226.12 1 0
arnaudlemaignen/resource-model-exporter/collector_prom.go:216.56,217.39 1 0
arnaudlemaignen/resource-model-exporter/collector_prom.go:217.39,219.4 1 0
arnaudlemaignen/resource-model-exporter/collector_prom.go:232.148,237.47 3 0
arnaudlemaignen/resource-model-exporter/collector_prom.go:242.2,244.61 3 0
arnaudlemaignen/resource-model-exporter/collector_prom.go:264.2,267.10 3 0
arnaudlemaignen/resource-model-exporter/collector_prom.go:237.47,239.3 1 0
arnaudlemaignen/resource-model-exporter/collector_prom.go:244.61,249.43 3 0
arnaudlemaignen/resource-model-exporter/collector_prom.go:259.3,259.31 1 0
arnaudlemaignen/resource-model-exporter/collector_prom.go:249.43,253.4 2 0
arnaudlemaignen/resource-model-exporter/collector_prom.go:299.157,302.29 3 0
arnaudlemaignen/resource-model-exporter/collector_prom.go:311.2,311.15 1 0
arnaudlemaignen/resource-model-exporter/collector_prom.go:302.29,306.18 4 0
arnaudlemaignen/resource-model-exporter/collector_prom.go:306.18,308.4 1 0
arnaudlemaignen/resource-model-exporter/collector_prom.go:314.136,319.2 4 0
arnaudlemaignen/resource-model-exporter/collector_prom.go:321.91,326.2 4 0
arnaudlemaignen/resource-model-exporter/collector_prom.go:329.100,331.16 2 0
arnaudlemaignen/resource-model-exporter/collector_prom.go:336.2,336.13 1 0
arnaudlemaignen/resource-model-exporter/collector_prom.go:331.16,333.3 1 0
arnaudlemaignen/resource-model-exporter/collector_prom.go:333.8,335.3 1 0
arnaudlemaignen/resource-model-exporter/collector_prom.go:339.61,342.16 2 0
arnaudlemaignen/resource-model-exporter/collector_prom.go:347.2,347.13 1 0
arnaudlemaignen/resource-model-exporter/collector_prom.go:342.16,344.3 1 0
arnaudlemaignen/resource-model-exporter/collector_prom.go:344.8,346.3 1 0
arnaudlemaignen/resource-model-exporter/collector_prom.go:350.53,353.32 2 1
arnaudlemaignen/resource-model-exporter/collector_prom.go:357.2,357.34 1 1
arnaudlemaignen/resource-model-exporter/collector_prom.go:360.2,360.14 1 1
arnaudlemaignen/resource-model-exporter/collector_prom.go:353.32,355.3 1 1
arnaudlemaignen/resource-model-exporter/collector_prom.go:357.34,359.3 1 0
arnaudlemaignen/resource-model-exporter/collector_prom.go:363.57,364.37 1 0
arnaudlemaignen/resource-model-exporter/collector_prom.go:370.2,371.14 2 0
arnaudlemaignen/resource-model-exporter/collector_prom.go:364.37,365.35 1 0
arnaudlemaignen/resource-model-exporter/collector_prom.go:365.35,367.4 1 0
arnaudlemaignen/resource-model-exporter/collector_prom.go:374.89,375.40 1 0
arnaudlemaignen/resource-model-exporter/collector_prom.go:381.2,382.54 2 0
arnaudlemaignen/resource-model-exporter/collector_prom.go:375.40,376.31 1 0
arnaudlemaignen/resource-model-exporter/collector_prom.go:376.31,378.4 1 0
arnaudlemaignen/resource-model-exporter/collector_prom.go:385.76,386.38 1 0
arnaudlemaignen/resource-model-exporter/collector_prom.go:392.2,393.14 2 0
arnaudlemaignen/resource-model-exporter/collector_prom.go:386.38,387.27 1 0
arnaudlemaignen/resource-model-exporter/collector_prom.go:387.27,389.4 1 0
arnaudlemaignen/resource-model-exporter/collector_prom.go:396.47,399.2 2 0
