mode: set
resource-model-exporter/cron.go:9.30,10.12 1 0
resource-model-exporter/cron.go:10.12,12.14 2 0
resource-model-exporter/cron.go:12.14,14.4 1 0
resource-model-exporter/cron.go:15.8,17.3 1 0
resource-model-exporter/main.go:42.21,44.2 1 1
resource-model-exporter/main.go:46.33,51.16 4 0
resource-model-exporter/main.go:51.16,53.3 1 0
resource-model-exporter/main.go:55.2,59.37 5 0
resource-model-exporter/main.go:59.37,61.3 1 0
resource-model-exporter/main.go:61.8,63.3 1 0
resource-model-exporter/main.go:64.2,69.24 4 0
resource-model-exporter/main.go:69.24,71.3 1 0
resource-model-exporter/main.go:72.2,89.22 11 0
resource-model-exporter/main.go:89.22,91.3 1 0
resource-model-exporter/main.go:92.2,93.24 2 0
resource-model-exporter/main.go:93.24,95.3 1 0
resource-model-exporter/main.go:98.2,101.17 3 0
resource-model-exporter/main.go:104.21,108.12 2 0
resource-model-exporter/main.go:108.12,110.3 1 0
resource-model-exporter/main.go:112.2,115.16 4 0
resource-model-exporter/main.go:115.16,117.3 1 0
resource-model-exporter/main.go:118.2,119.19 2 0
resource-model-exporter/main.go:122.13,129.73 4 0
resource-model-exporter/main.go:129.73,137.3 1 0
resource-model-exporter/main.go:140.2,141.29 2 0
resource-model-exporter/main.go:141.29,141.51 1 0
resource-model-exporter/main.go:142.2,149.12 4 0
resource-model-exporter/main.go:149.12,153.3 3 0
resource-model-exporter/main.go:155.2,155.17 1 0
resource-model-exporter/main.go:155.17,158.3 2 0
resource-model-exporter/pkg/collector/collector.go:82.319,99.2 1 0
resource-model-exporter/pkg/collector/collector.go:101.57,111.2 9 0
resource-model-exporter/pkg/collector/collector.go:113.57,120.2 5 0
resource-model-exporter/pkg/collector/collector.go:122.39,131.2 6 0
resource-model-exporter/pkg/collector/collector_prom.go:24.68,30.2 2 0
resource-model-exporter/pkg/collector/collector_prom.go:35.57,36.36 1 0
resource-model-exporter/pkg/collector/collector_prom.go:36.36,46.42 7 0
resource-model-exporter/pkg/collector/collector_prom.go:46.42,51.15 4 0
resource-model-exporter/pkg/collector/collector_prom.go:51.15,98.5 9 0
resource-model-exporter/pkg/collector/collector_prom.go:100.3,100.132 1 0
resource-model-exporter/pkg/collector/collector_prom.go:104.81,105.38 1 0
resource-model-exporter/pkg/collector/collector_prom.go:105.38,106.37 1 0
resource-model-exporter/pkg/collector/collector_prom.go:106.37,108.4 1 0
resource-model-exporter/pkg/collector/collector_prom.go:111.2,114.38 3 0
resource-model-exporter/pkg/collector/collector_prom.go:117.86,118.50 1 0
resource-model-exporter/pkg/collector/collector_prom.go:118.50,119.30 1 0
resource-model-exporter/pkg/collector/collector_prom.go:119.30,121.4 1 0
resource-model-exporter/pkg/collector/collector_prom.go:124.2,127.50 3 0
resource-model-exporter/pkg/collector/collector_prom.go:130.173,135.13 4 0
resource-model-exporter/pkg/collector/collector_prom.go:135.13,140.3 4 0
resource-model-exporter/pkg/collector/collector_prom.go:142.2,142.15 1 0
resource-model-exporter/pkg/collector/collector_prom.go:145.196,146.45 1 0
resource-model-exporter/pkg/collector/collector_prom.go:146.45,160.55 12 0
resource-model-exporter/pkg/collector/collector_prom.go:160.55,162.4 1 0
resource-model-exporter/pkg/collector/collector_prom.go:163.3,166.39 2 0
resource-model-exporter/pkg/collector/collector_prom.go:166.39,167.13 1 0
resource-model-exporter/pkg/collector/collector_prom.go:167.13,173.15 4 0
resource-model-exporter/pkg/collector/collector_prom.go:173.15,175.6 1 0
resource-model-exporter/pkg/collector/collector_prom.go:175.11,177.6 1 0
resource-model-exporter/pkg/collector/collector_prom.go:179.5,180.62 2 0
resource-model-exporter/pkg/collector/collector_prom.go:183.3,183.25 1 0
resource-model-exporter/pkg/collector/collector_prom.go:185.2,185.25 1 0
resource-model-exporter/pkg/collector/collector_prom.go:188.177,200.2 7 0
resource-model-exporter/pkg/collector/collector_prom.go:202.129,221.2 6 0
resource-model-exporter/pkg/collector/collector_prom.go:223.126,228.17 3 0
resource-model-exporter/pkg/collector/collector_prom.go:228.17,235.3 3 0
resource-model-exporter/pkg/collector/collector_prom.go:237.2,237.14 1 0
resource-model-exporter/pkg/collector/collector_prom.go:240.164,252.43 5 0
resource-model-exporter/pkg/collector/collector_prom.go:252.43,254.42 1 0
resource-model-exporter/pkg/collector/collector_prom.go:254.42,258.4 1 0
resource-model-exporter/pkg/collector/collector_prom.go:261.2,285.42 7 0
resource-model-exporter/pkg/collector/collector_prom.go:285.42,291.3 2 0
resource-model-exporter/pkg/collector/collector_prom.go:294.2,295.16 2 0
resource-model-exporter/pkg/collector/collector_prom.go:295.16,299.3 1 0
resource-model-exporter/pkg/collector/collector_prom.go:299.8,301.3 1 0
resource-model-exporter/pkg/collector/collector_prom.go:304.85,306.43 2 0
resource-model-exporter/pkg/collector/collector_prom.go:306.43,308.42 1 0
resource-model-exporter/pkg/collector/collector_prom.go:308.42,310.4 1 0
resource-model-exporter/pkg/collector/collector_prom.go:313.2,313.17 1 0
resource-model-exporter/pkg/collector/collector_prom.go:316.52,321.75 3 0
resource-model-exporter/pkg/collector/collector_prom.go:321.75,325.3 3 0
resource-model-exporter/pkg/collector/collector_prom.go:325.8,328.3 2 0
resource-model-exporter/pkg/collector/collector_prom.go:330.2,330.26 1 0
resource-model-exporter/pkg/collector/collector_prom.go:334.171,342.44 2 0
resource-model-exporter/pkg/collector/collector_prom.go:342.44,345.3 2 0
resource-model-exporter/pkg/collector/collector_prom.go:348.2,348.44 1 0
resource-model-exporter/pkg/collector/collector_prom.go:348.44,351.3 2 0
resource-model-exporter/pkg/collector/collector_prom.go:351.8,353.43 2 0
resource-model-exporter/pkg/collector/collector_prom.go:353.43,354.44 1 0
resource-model-exporter/pkg/collector/collector_prom.go:354.44,357.5 2 0
resource-model-exporter/pkg/collector/collector_prom.go:357.10,359.38 2 0
resource-model-exporter/pkg/collector/collector_prom.go:359.38,362.17 3 0
resource-model-exporter/pkg/collector/collector_prom.go:362.17,365.7 2 0
resource-model-exporter/pkg/collector/collector_prom.go:365.12,367.7 1 0
resource-model-exporter/pkg/collector/collector_prom.go:374.2,379.15 4 0
resource-model-exporter/pkg/collector/collector_prom.go:379.15,382.49 2 0
resource-model-exporter/pkg/collector/collector_prom.go:382.49,385.4 2 0
resource-model-exporter/pkg/collector/collector_prom.go:386.8,388.3 1 0
resource-model-exporter/pkg/collector/collector_prom.go:390.2,390.13 1 0
resource-model-exporter/pkg/collector/collector_prom.go:393.150,401.49 4 0
resource-model-exporter/pkg/collector/collector_prom.go:401.49,402.42 1 0
resource-model-exporter/pkg/collector/collector_prom.go:402.42,403.39 1 0
resource-model-exporter/pkg/collector/collector_prom.go:403.39,404.51 1 0
resource-model-exporter/pkg/collector/collector_prom.go:404.51,407.11 3 0
resource-model-exporter/pkg/collector/collector_prom.go:411.8,412.38 1 0
resource-model-exporter/pkg/collector/collector_prom.go:412.38,413.43 1 0
resource-model-exporter/pkg/collector/collector_prom.go:413.43,414.51 1 0
resource-model-exporter/pkg/collector/collector_prom.go:414.51,417.11 3 0
resource-model-exporter/pkg/collector/collector_prom.go:423.2,423.85 1 0
resource-model-exporter/pkg/collector/collector_prom.go:423.85,426.3 2 0
resource-model-exporter/pkg/collector/collector_prom.go:426.8,429.3 2 0
resource-model-exporter/pkg/collector/collector_prom.go:432.39,437.16 2 0
resource-model-exporter/pkg/collector/collector_prom.go:437.16,439.3 1 0
resource-model-exporter/pkg/collector/collector_prom.go:439.8,441.3 1 0
resource-model-exporter/pkg/collector/collector_prom.go:444.46,446.56 2 0
resource-model-exporter/pkg/collector/collector_prom.go:446.56,447.39 1 0
resource-model-exporter/pkg/collector/collector_prom.go:447.39,449.4 1 0
resource-model-exporter/pkg/collector/collector_prom.go:451.2,451.12 1 0
resource-model-exporter/pkg/collector/collector_prom.go:456.157,460.47 3 0
resource-model-exporter/pkg/collector/collector_prom.go:460.47,466.66 2 0
resource-model-exporter/pkg/collector/collector_prom.go:466.66,468.18 1 0
resource-model-exporter/pkg/collector/collector_prom.go:468.18,470.5 1 0
resource-model-exporter/pkg/collector/collector_prom.go:475.2,476.61 2 0
resource-model-exporter/pkg/collector/collector_prom.go:476.61,481.43 3 0
resource-model-exporter/pkg/collector/collector_prom.go:481.43,485.4 2 0
resource-model-exporter/pkg/collector/collector_prom.go:486.3,486.31 1 0
resource-model-exporter/pkg/collector/collector_prom.go:489.2,492.10 3 0
resource-model-exporter/pkg/collector/collector_prom.go:496.136,503.61 6 0
resource-model-exporter/pkg/collector/collector_prom.go:503.61,506.3 2 0
resource-model-exporter/pkg/collector/collector_prom.go:508.2,511.52 4 0
resource-model-exporter/pkg/collector/collector_prom.go:515.175,518.29 3 0
resource-model-exporter/pkg/collector/collector_prom.go:518.29,522.18 4 0
resource-model-exporter/pkg/collector/collector_prom.go:522.18,524.4 1 0
resource-model-exporter/pkg/collector/collector_prom.go:527.2,527.15 1 0
resource-model-exporter/pkg/collector/collector_prom.go:530.142,535.2 4 0
resource-model-exporter/pkg/collector/collector_prom.go:537.105,543.2 4 0
resource-model-exporter/pkg/collector/collector_prom.go:546.100,548.16 2 0
resource-model-exporter/pkg/collector/collector_prom.go:548.16,550.3 1 0
resource-model-exporter/pkg/collector/collector_prom.go:550.8,552.3 1 0
resource-model-exporter/pkg/collector/collector_prom.go:553.2,553.13 1 0
resource-model-exporter/pkg/collector/collector_prom.go:556.61,559.16 2 0
resource-model-exporter/pkg/collector/collector_prom.go:559.16,561.3 1 0
resource-model-exporter/pkg/collector/collector_prom.go:561.8,563.3 1 0
resource-model-exporter/pkg/collector/collector_prom.go:564.2,564.13 1 0
resource-model-exporter/pkg/collector/collector_prom.go:567.83,570.32 2 1
resource-model-exporter/pkg/collector/collector_prom.go:570.32,572.3 1 1
resource-model-exporter/pkg/collector/collector_prom.go:574.2,575.13 2 1
resource-model-exporter/pkg/collector/collector_prom.go:575.13,577.3 1 1
resource-model-exporter/pkg/collector/collector_prom.go:578.2,578.14 1 1
resource-model-exporter/pkg/collector/collector_prom.go:581.63,582.37 1 0
resource-model-exporter/pkg/collector/collector_prom.go:582.37,583.35 1 0
resource-model-exporter/pkg/collector/collector_prom.go:583.35,585.4 1 0
resource-model-exporter/pkg/collector/collector_prom.go:588.2,589.11 2 0
resource-model-exporter/pkg/collector/collector_prom.go:592.101,593.40 1 0
resource-model-exporter/pkg/collector/collector_prom.go:593.40,594.31 1 0
resource-model-exporter/pkg/collector/collector_prom.go:594.31,596.4 1 0
resource-model-exporter/pkg/collector/collector_prom.go:599.2,600.60 2 0
resource-model-exporter/pkg/collector/collector_prom.go:603.76,604.34 1 0
resource-model-exporter/pkg/collector/collector_prom.go:604.34,605.25 1 0
resource-model-exporter/pkg/collector/collector_prom.go:605.25,607.4 1 0
resource-model-exporter/pkg/collector/collector_prom.go:611.2,612.11 2 0
resource-model-exporter/pkg/collector/collector_prom.go:615.75,616.34 1 0
resource-model-exporter/pkg/collector/collector_prom.go:616.34,617.25 1 0
resource-model-exporter/pkg/collector/collector_prom.go:617.25,619.4 1 0
resource-model-exporter/pkg/collector/collector_prom.go:622.2,623.11 2 0
resource-model-exporter/pkg/collector/collector_prom.go:626.73,627.32 1 0
resource-model-exporter/pkg/collector/collector_prom.go:627.32,628.24 1 0
resource-model-exporter/pkg/collector/collector_prom.go:628.24,630.4 1 0
resource-model-exporter/pkg/collector/collector_prom.go:633.2,634.11 2 0
resource-model-exporter/pkg/collector/collector_prom.go:637.73,638.32 1 0
resource-model-exporter/pkg/collector/collector_prom.go:638.32,639.24 1 0
resource-model-exporter/pkg/collector/collector_prom.go:639.24,641.4 1 0
resource-model-exporter/pkg/collector/collector_prom.go:644.2,645.11 2 0
resource-model-exporter/pkg/collector/collector_prom.go:648.56,649.36 1 0
resource-model-exporter/pkg/collector/collector_prom.go:649.36,651.34 2 0
resource-model-exporter/pkg/collector/collector_prom.go:651.34,653.28 2 0
resource-model-exporter/pkg/collector/collector_prom.go:653.28,655.5 1 0
resource-model-exporter/pkg/collector/collector_prom.go:655.10,657.5 1 0
resource-model-exporter/pkg/collector/collector_prom.go:660.2,660.11 1 0
resource-model-exporter/pkg/collector/collector_prom.go:663.43,664.36 1 0
resource-model-exporter/pkg/collector/collector_prom.go:664.36,666.3 1 0
resource-model-exporter/pkg/collector/collector_prom.go:667.2,667.13 1 0
resource-model-exporter/pkg/utils/api_prom.go:18.69,22.16 2 1
resource-model-exporter/pkg/utils/api_prom.go:22.16,26.3 2 0
resource-model-exporter/pkg/utils/api_prom.go:28.2,32.16 5 1
resource-model-exporter/pkg/utils/api_prom.go:32.16,36.3 2 1
resource-model-exporter/pkg/utils/api_prom.go:37.2,37.23 1 0
resource-model-exporter/pkg/utils/api_prom.go:37.23,39.3 1 0
resource-model-exporter/pkg/utils/api_prom.go:40.2,41.20 2 0
resource-model-exporter/pkg/utils/api_prom.go:44.126,48.16 2 1
resource-model-exporter/pkg/utils/api_prom.go:48.16,52.3 2 0
resource-model-exporter/pkg/utils/api_prom.go:54.2,63.16 6 1
resource-model-exporter/pkg/utils/api_prom.go:63.16,67.3 2 1
resource-model-exporter/pkg/utils/api_prom.go:68.2,68.23 1 0
resource-model-exporter/pkg/utils/api_prom.go:68.23,70.3 1 0
resource-model-exporter/pkg/utils/api_prom.go:71.2,72.20 2 0
resource-model-exporter/pkg/utils/api_prom.go:75.97,79.16 2 1
resource-model-exporter/pkg/utils/api_prom.go:79.16,83.3 2 0
resource-model-exporter/pkg/utils/api_prom.go:85.2,91.16 5 1
resource-model-exporter/pkg/utils/api_prom.go:91.16,95.3 2 1
resource-model-exporter/pkg/utils/api_prom.go:96.2,96.23 1 0
resource-model-exporter/pkg/utils/api_prom.go:96.23,98.3 1 0
resource-model-exporter/pkg/utils/api_prom.go:99.2,100.27 2 0
resource-model-exporter/pkg/utils/api_prom.go:100.27,103.3 2 0
resource-model-exporter/pkg/utils/api_prom.go:104.2,106.20 3 0
resource-model-exporter/pkg/utils/env.go:11.46,13.13 2 1
resource-model-exporter/pkg/utils/env.go:13.13,17.3 2 0
resource-model-exporter/pkg/utils/env.go:18.2,18.10 1 1
resource-model-exporter/pkg/utils/env.go:22.40,24.13 2 1
resource-model-exporter/pkg/utils/env.go:24.13,28.3 2 0
resource-model-exporter/pkg/utils/env.go:29.2,30.16 2 1
resource-model-exporter/pkg/utils/env.go:30.16,34.3 2 0
resource-model-exporter/pkg/utils/env.go:35.2,35.10 1 1
resource-model-exporter/pkg/utils/env.go:39.37,41.13 2 1
resource-model-exporter/pkg/utils/env.go:41.13,45.3 2 0
resource-model-exporter/pkg/utils/env.go:46.2,47.16 2 1
resource-model-exporter/pkg/utils/env.go:47.16,51.3 2 0
resource-model-exporter/pkg/utils/env.go:52.2,52.15 1 1
resource-model-exporter/pkg/utils/env.go:56.43,58.13 2 1
resource-model-exporter/pkg/utils/env.go:58.13,62.3 2 0
resource-model-exporter/pkg/utils/env.go:63.2,64.16 2 1
resource-model-exporter/pkg/utils/env.go:64.16,68.3 2 0
resource-model-exporter/pkg/utils/env.go:69.2,69.10 1 1
resource-model-exporter/pkg/utils/mail.go:21.18,43.41 17 0
resource-model-exporter/pkg/utils/mail.go:43.41,45.3 1 0
resource-model-exporter/pkg/utils/mail.go:46.2,52.41 6 0
resource-model-exporter/pkg/utils/mail.go:52.41,56.3 3 0
resource-model-exporter/pkg/utils/mail.go:58.2,58.13 1 0
resource-model-exporter/pkg/utils/mail.go:61.61,63.34 2 0
resource-model-exporter/pkg/utils/mail.go:63.34,65.17 2 0
resource-model-exporter/pkg/utils/mail.go:65.17,67.4 1 0
resource-model-exporter/pkg/utils/mail.go:69.3,69.30 1 0
resource-model-exporter/pkg/utils/mail.go:69.30,70.47 1 0
resource-model-exporter/pkg/utils/mail.go:70.47,72.5 1 0
resource-model-exporter/pkg/utils/mail.go:76.2,76.15 1 0
resource-model-exporter/pkg/utils/misc.go:11.39,13.16 2 0
resource-model-exporter/pkg/utils/misc.go:13.16,16.3 2 0
resource-model-exporter/pkg/utils/misc.go:16.8,18.3 1 0
resource-model-exporter/pkg/utils/misc.go:20.2,22.16 3 0
resource-model-exporter/pkg/utils/misc.go:22.16,25.3 2 0
resource-model-exporter/pkg/utils/misc.go:26.2,26.18 1 0
resource-model-exporter/pkg/utils/misc.go:29.39,31.24 2 0
resource-model-exporter/pkg/utils/misc.go:31.24,33.17 2 0
resource-model-exporter/pkg/utils/misc.go:33.17,35.4 1 0
resource-model-exporter/pkg/utils/misc.go:37.2,37.12 1 0
