mode: set
resource-model-exporter/main.go:29.21,31.2 1 1
resource-model-exporter/main.go:33.33,37.16 3 0
resource-model-exporter/main.go:41.2,45.36 5 0
resource-model-exporter/main.go:51.2,57.24 5 0
resource-model-exporter/main.go:60.2,76.22 9 0
resource-model-exporter/main.go:79.2,80.22 2 0
resource-model-exporter/main.go:83.2,84.24 2 0
resource-model-exporter/main.go:89.2,93.17 3 0
resource-model-exporter/main.go:37.16,39.3 1 0
resource-model-exporter/main.go:45.36,47.3 1 0
resource-model-exporter/main.go:47.8,49.3 1 0
resource-model-exporter/main.go:57.24,59.3 1 0
resource-model-exporter/main.go:76.22,78.3 1 0
resource-model-exporter/main.go:80.22,82.3 1 0
resource-model-exporter/main.go:84.24,86.3 1 0
resource-model-exporter/main.go:130.13,137.73 4 0
resource-model-exporter/main.go:146.2,147.53 2 0
resource-model-exporter/main.go:137.73,145.3 1 0
resource-model-exporter/pkg/collector/collector.go:68.240,79.2 1 0
resource-model-exporter/pkg/collector/collector.go:81.57,89.2 7 0
resource-model-exporter/pkg/collector/collector.go:91.57,98.2 5 0
resource-model-exporter/pkg/collector/collector_prom.go:19.68,25.2 2 0
resource-model-exporter/pkg/collector/collector_prom.go:34.57,35.36 1 0
resource-model-exporter/pkg/collector/collector_prom.go:35.36,44.42 7 0
resource-model-exporter/pkg/collector/collector_prom.go:66.3,66.127 1 0
resource-model-exporter/pkg/collector/collector_prom.go:44.42,51.15 3 0
resource-model-exporter/pkg/collector/collector_prom.go:51.15,64.5 7 0
resource-model-exporter/pkg/collector/collector_prom.go:70.190,82.2 7 0
resource-model-exporter/pkg/collector/collector_prom.go:84.82,101.2 7 0
resource-model-exporter/pkg/collector/collector_prom.go:103.190,105.38 1 0
resource-model-exporter/pkg/collector/collector_prom.go:117.2,136.42 6 0
resource-model-exporter/pkg/collector/collector_prom.go:145.2,146.16 2 0
resource-model-exporter/pkg/collector/collector_prom.go:105.38,106.13 1 0
resource-model-exporter/pkg/collector/collector_prom.go:106.13,110.4 1 0
resource-model-exporter/pkg/collector/collector_prom.go:110.9,114.4 1 0
resource-model-exporter/pkg/collector/collector_prom.go:136.42,142.3 2 0
resource-model-exporter/pkg/collector/collector_prom.go:146.16,150.3 1 0
resource-model-exporter/pkg/collector/collector_prom.go:150.8,152.3 1 0
resource-model-exporter/pkg/collector/collector_prom.go:156.118,163.2 3 0
resource-model-exporter/pkg/collector/collector_prom.go:166.170,175.44 2 0
resource-model-exporter/pkg/collector/collector_prom.go:180.2,181.42 2 0
resource-model-exporter/pkg/collector/collector_prom.go:198.2,200.15 2 0
resource-model-exporter/pkg/collector/collector_prom.go:211.2,211.13 1 0
resource-model-exporter/pkg/collector/collector_prom.go:175.44,178.3 2 0
resource-model-exporter/pkg/collector/collector_prom.go:181.42,182.43 1 0
resource-model-exporter/pkg/collector/collector_prom.go:186.3,187.36 2 0
resource-model-exporter/pkg/collector/collector_prom.go:182.43,185.4 2 0
resource-model-exporter/pkg/collector/collector_prom.go:187.36,195.4 2 0
resource-model-exporter/pkg/collector/collector_prom.go:200.15,203.49 2 0
resource-model-exporter/pkg/collector/collector_prom.go:203.49,206.4 2 0
resource-model-exporter/pkg/collector/collector_prom.go:207.8,209.3 1 0
resource-model-exporter/pkg/collector/collector_prom.go:214.76,215.21 1 0
resource-model-exporter/pkg/collector/collector_prom.go:222.2,222.13 1 0
resource-model-exporter/pkg/collector/collector_prom.go:215.21,217.3 1 0
resource-model-exporter/pkg/collector/collector_prom.go:217.8,217.28 1 0
resource-model-exporter/pkg/collector/collector_prom.go:217.28,219.3 1 0
resource-model-exporter/pkg/collector/collector_prom.go:219.8,221.3 1 0
resource-model-exporter/pkg/collector/collector_prom.go:225.46,227.56 2 0
resource-model-exporter/pkg/collector/collector_prom.go:237.2,237.12 1 0
resource-model-exporter/pkg/collector/collector_prom.go:227.56,228.39 1 0
resource-model-exporter/pkg/collector/collector_prom.go:228.39,230.4 1 0
resource-model-exporter/pkg/collector/collector_prom.go:243.154,248.47 3 0
resource-model-exporter/pkg/collector/collector_prom.go:253.2,255.61 3 0
resource-model-exporter/pkg/collector/collector_prom.go:275.2,278.10 3 0
resource-model-exporter/pkg/collector/collector_prom.go:248.47,250.3 1 0
resource-model-exporter/pkg/collector/collector_prom.go:255.61,260.43 3 0
resource-model-exporter/pkg/collector/collector_prom.go:270.3,270.31 1 0
resource-model-exporter/pkg/collector/collector_prom.go:260.43,264.4 2 0
resource-model-exporter/pkg/collector/collector_prom.go:310.175,313.29 3 0
resource-model-exporter/pkg/collector/collector_prom.go:322.2,322.15 1 0
resource-model-exporter/pkg/collector/collector_prom.go:313.29,317.18 4 0
resource-model-exporter/pkg/collector/collector_prom.go:317.18,319.4 1 0
resource-model-exporter/pkg/collector/collector_prom.go:325.142,330.2 4 0
resource-model-exporter/pkg/collector/collector_prom.go:332.105,337.2 4 0
resource-model-exporter/pkg/collector/collector_prom.go:340.100,342.16 2 0
resource-model-exporter/pkg/collector/collector_prom.go:347.2,347.13 1 0
resource-model-exporter/pkg/collector/collector_prom.go:342.16,344.3 1 0
resource-model-exporter/pkg/collector/collector_prom.go:344.8,346.3 1 0
resource-model-exporter/pkg/collector/collector_prom.go:350.61,353.16 2 0
resource-model-exporter/pkg/collector/collector_prom.go:358.2,358.13 1 0
resource-model-exporter/pkg/collector/collector_prom.go:353.16,355.3 1 0
resource-model-exporter/pkg/collector/collector_prom.go:355.8,357.3 1 0
resource-model-exporter/pkg/collector/collector_prom.go:361.83,364.32 2 1
resource-model-exporter/pkg/collector/collector_prom.go:368.2,368.34 1 1
resource-model-exporter/pkg/collector/collector_prom.go:371.2,371.14 1 1
resource-model-exporter/pkg/collector/collector_prom.go:364.32,366.3 1 1
resource-model-exporter/pkg/collector/collector_prom.go:368.34,370.3 1 0
resource-model-exporter/pkg/collector/collector_prom.go:374.63,375.37 1 0
resource-model-exporter/pkg/collector/collector_prom.go:381.2,382.14 2 0
resource-model-exporter/pkg/collector/collector_prom.go:375.37,376.35 1 0
resource-model-exporter/pkg/collector/collector_prom.go:376.35,378.4 1 0
resource-model-exporter/pkg/collector/collector_prom.go:385.101,386.40 1 0
resource-model-exporter/pkg/collector/collector_prom.go:392.2,393.60 2 0
resource-model-exporter/pkg/collector/collector_prom.go:386.40,387.31 1 0
resource-model-exporter/pkg/collector/collector_prom.go:387.31,389.4 1 0
resource-model-exporter/pkg/collector/collector_prom.go:396.82,397.38 1 0
resource-model-exporter/pkg/collector/collector_prom.go:403.2,404.14 2 0
resource-model-exporter/pkg/collector/collector_prom.go:397.38,398.27 1 0
resource-model-exporter/pkg/collector/collector_prom.go:398.27,400.4 1 0
resource-model-exporter/pkg/collector/collector_prom.go:407.53,413.19 3 0
resource-model-exporter/pkg/collector/collector_prom.go:416.5,417.19 2 0
resource-model-exporter/pkg/collector/collector_prom.go:422.5,428.19 5 0
resource-model-exporter/pkg/collector/collector_prom.go:431.5,432.19 2 0
resource-model-exporter/pkg/collector/collector_prom.go:413.19,415.6 1 0
resource-model-exporter/pkg/collector/collector_prom.go:417.19,419.6 1 0
resource-model-exporter/pkg/collector/collector_prom.go:428.19,430.6 1 0
resource-model-exporter/pkg/collector/collector_prom.go:432.19,434.6 1 0
resource-model-exporter/pkg/collector/collector_prom.go:437.56,438.36 1 0
resource-model-exporter/pkg/collector/collector_prom.go:444.2,444.11 1 0
resource-model-exporter/pkg/collector/collector_prom.go:438.36,440.34 2 0
resource-model-exporter/pkg/collector/collector_prom.go:440.34,442.4 1 0
resource-model-exporter/pkg/collector/collector_prom.go:447.43,448.36 1 0
resource-model-exporter/pkg/collector/collector_prom.go:451.2,451.13 1 0
resource-model-exporter/pkg/collector/collector_prom.go:448.36,450.3 1 0
resource-model-exporter/pkg/collector/collector_prom.go:454.39,456.27 2 0
resource-model-exporter/pkg/collector/collector_prom.go:462.5,462.15 1 0
resource-model-exporter/pkg/collector/collector_prom.go:456.27,458.23 2 0
resource-model-exporter/pkg/collector/collector_prom.go:458.23,460.10 1 0
resource-model-exporter/pkg/utils/env.go:11.46,13.13 2 1
resource-model-exporter/pkg/utils/env.go:18.2,18.10 1 1
resource-model-exporter/pkg/utils/env.go:13.13,17.3 2 0
resource-model-exporter/pkg/utils/env.go:22.40,24.13 2 1
resource-model-exporter/pkg/utils/env.go:29.2,30.16 2 1
resource-model-exporter/pkg/utils/env.go:35.2,35.10 1 1
resource-model-exporter/pkg/utils/env.go:24.13,28.3 2 0
resource-model-exporter/pkg/utils/env.go:30.16,34.3 2 0
resource-model-exporter/pkg/utils/env.go:39.37,41.13 2 1
resource-model-exporter/pkg/utils/env.go:46.2,47.16 2 1
resource-model-exporter/pkg/utils/env.go:52.2,52.15 1 1
resource-model-exporter/pkg/utils/env.go:41.13,45.3 2 0
resource-model-exporter/pkg/utils/env.go:47.16,51.3 2 0
resource-model-exporter/pkg/utils/env.go:56.43,58.13 2 1
resource-model-exporter/pkg/utils/env.go:63.2,64.16 2 1
resource-model-exporter/pkg/utils/env.go:69.2,69.10 1 1
resource-model-exporter/pkg/utils/env.go:58.13,62.3 2 0
resource-model-exporter/pkg/utils/env.go:64.16,68.3 2 0
resource-model-exporter/pkg/utils/misc.go:13.39,15.16 2 0
resource-model-exporter/pkg/utils/misc.go:22.2,24.16 3 0
resource-model-exporter/pkg/utils/misc.go:28.2,28.18 1 0
resource-model-exporter/pkg/utils/misc.go:15.16,18.3 2 0
resource-model-exporter/pkg/utils/misc.go:18.8,20.3 1 0
resource-model-exporter/pkg/utils/misc.go:24.16,27.3 2 0
resource-model-exporter/pkg/utils/misc.go:31.66,35.22 4 0
resource-model-exporter/pkg/utils/misc.go:38.2,38.35 1 0
resource-model-exporter/pkg/utils/misc.go:45.2,45.15 1 0
resource-model-exporter/pkg/utils/misc.go:35.22,37.3 1 0
resource-model-exporter/pkg/utils/misc.go:38.35,44.3 5 0
resource-model-exporter/pkg/utils/misc.go:48.63,52.22 4 0
resource-model-exporter/pkg/utils/misc.go:55.2,55.35 1 0
resource-model-exporter/pkg/utils/misc.go:60.2,60.15 1 0
resource-model-exporter/pkg/utils/misc.go:52.22,54.3 1 0
resource-model-exporter/pkg/utils/misc.go:55.35,59.3 3 0
resource-model-exporter/pkg/utils/misc.go:63.61,67.22 4 0
resource-model-exporter/pkg/utils/misc.go:70.2,70.35 1 0
resource-model-exporter/pkg/utils/misc.go:74.2,74.15 1 0
resource-model-exporter/pkg/utils/misc.go:67.22,69.3 1 0
resource-model-exporter/pkg/utils/misc.go:70.35,73.3 2 0
resource-model-exporter/pkg/utils/api_prom.go:18.69,22.16 2 1
resource-model-exporter/pkg/utils/api_prom.go:28.2,32.16 5 1
resource-model-exporter/pkg/utils/api_prom.go:37.2,37.23 1 1
resource-model-exporter/pkg/utils/api_prom.go:40.2,41.20 2 1
resource-model-exporter/pkg/utils/api_prom.go:22.16,26.3 2 0
resource-model-exporter/pkg/utils/api_prom.go:32.16,36.3 2 1
resource-model-exporter/pkg/utils/api_prom.go:37.23,39.3 1 0
resource-model-exporter/pkg/utils/api_prom.go:44.126,48.16 2 1
resource-model-exporter/pkg/utils/api_prom.go:54.2,63.16 6 1
resource-model-exporter/pkg/utils/api_prom.go:68.2,68.23 1 1
resource-model-exporter/pkg/utils/api_prom.go:71.2,72.20 2 1
resource-model-exporter/pkg/utils/api_prom.go:48.16,52.3 2 0
resource-model-exporter/pkg/utils/api_prom.go:63.16,67.3 2 1
resource-model-exporter/pkg/utils/api_prom.go:68.23,70.3 1 0
resource-model-exporter/pkg/utils/api_prom.go:75.97,79.16 2 1
resource-model-exporter/pkg/utils/api_prom.go:85.2,91.16 5 1
resource-model-exporter/pkg/utils/api_prom.go:96.2,96.23 1 1
resource-model-exporter/pkg/utils/api_prom.go:99.2,100.27 2 1
resource-model-exporter/pkg/utils/api_prom.go:104.2,106.20 3 1
resource-model-exporter/pkg/utils/api_prom.go:79.16,83.3 2 0
resource-model-exporter/pkg/utils/api_prom.go:91.16,95.3 2 1
resource-model-exporter/pkg/utils/api_prom.go:96.23,98.3 1 0
resource-model-exporter/pkg/utils/api_prom.go:100.27,103.3 2 1
